{
  "RSpec": {
    "coverage": {
      "/Users/newuser/JobVeta Google Drive/Makers_Academy/MainCourse/Week6/MakersAirBNB/spec/features/approval_spec.rb": [
        1,
        1,
        1,
        1,
        1,
        1,
        1,
        null,
        null
      ],
      "/Users/newuser/JobVeta Google Drive/Makers_Academy/MainCourse/Week6/MakersAirBNB/spec/features/bookings_spec.rb": [
        1,
        1,
        1,
        1,
        1,
        1,
        1,
        1,
        1,
        1,
        null,
        null
      ],
      "/Users/newuser/JobVeta Google Drive/Makers_Academy/MainCourse/Week6/MakersAirBNB/spec/features/login_spec.rb": [
        1,
        null,
        1,
        2,
        null,
        null,
        null,
        1,
        1,
        1,
        null,
        null,
        1,
        1,
        1,
        null,
        null,
        null
      ],
      "/Users/newuser/JobVeta Google Drive/Makers_Academy/MainCourse/Week6/MakersAirBNB/spec/features/logout_spec.rb": [
        1,
        1,
        1,
        1,
        1,
        1,
        null,
        null
      ],
      "/Users/newuser/JobVeta Google Drive/Makers_Academy/MainCourse/Week6/MakersAirBNB/spec/features/signup_spec.rb": [
        1,
        1,
        1,
        1,
        null,
        null,
        1,
        1,
        1,
        null,
        null
      ],
      "/Users/newuser/JobVeta Google Drive/Makers_Academy/MainCourse/Week6/MakersAirBNB/spec/features/spaces_spec.rb": [
        1,
        1,
        3,
        3,
        null,
        null,
        1,
        1,
        null,
        null,
        1,
        1,
        1,
        null,
        null,
        1,
        1,
        1,
        1,
        1,
        1,
        1,
        1,
        1,
        null,
        null,
        null
      ],
      "/Users/newuser/JobVeta Google Drive/Makers_Academy/MainCourse/Week6/MakersAirBNB/spec/models/booking_spec.rb": [
        1,
        2,
        null,
        null,
        null,
        null,
        2,
        null,
        null,
        null,
        null,
        null,
        null,
        null,
        1,
        2,
        2,
        null,
        null
      ],
      "/Users/newuser/JobVeta Google Drive/Makers_Academy/MainCourse/Week6/MakersAirBNB/spec/models/spaces_spec.rb": [
        1,
        2,
        null,
        null,
        null,
        null,
        1,
        2,
        null,
        null,
        null,
        null,
        2,
        null,
        null
      ],
      "/Users/newuser/JobVeta Google Drive/Makers_Academy/MainCourse/Week6/MakersAirBNB/spec/models/user_spec.rb": [
        1,
        null,
        1,
        2,
        2,
        null,
        null,
        1,
        2,
        2,
        null,
        null,
        1,
        null,
        3,
        null,
        null,
        1,
        1,
        1,
        null,
        null,
        1,
        1,
        null,
        null,
        null,
        null,
        null
      ]
    },
    "timestamp": 1471040211
  }
}
